[debug] [2023-01-12T13:30:43.048Z] ----------------------------------------------------------------------
[debug] [2023-01-12T13:30:43.051Z] Command:       C:\Program Files\nodejs\node.exe C:\Users\hp\AppData\Roaming\npm\node_modules\firebase-tools\lib\bin\firebase.js init
[debug] [2023-01-12T13:30:43.054Z] CLI Version:   11.20.0
[debug] [2023-01-12T13:30:43.054Z] Platform:      win32
[debug] [2023-01-12T13:30:43.054Z] Node Version:  v16.16.0
[debug] [2023-01-12T13:30:43.061Z] Time:          Thu Jan 12 2023 19:30:43 GMT+0600 (Bangladesh Standard Time)
[debug] [2023-01-12T13:30:43.061Z] ----------------------------------------------------------------------
[debug] 
[debug] [2023-01-12T13:30:43.066Z] >>> [apiv2][query] GET https://firebase-public.firebaseio.com/cli.json [none]
[debug] [2023-01-12T13:30:43.211Z] > command requires scopes: ["email","openid","https://www.googleapis.com/auth/cloudplatformprojects.readonly","https://www.googleapis.com/auth/firebase","https://www.googleapis.com/auth/cloud-platform"]
[debug] [2023-01-12T13:30:43.212Z] > authorizing via signed-in user (khalidhassanemon12@gmail.com)
[info] 
     ######## #### ########  ######## ########     ###     ######  ########
     ##        ##  ##     ## ##       ##     ##  ##   ##  ##       ##
     ######    ##  ########  ######   ########  #########  ######  ######
     ##        ##  ##    ##  ##       ##     ## ##     ##       ## ##
     ##       #### ##     ## ######## ########  ##     ##  ######  ########

You're about to initialize a Firebase project in this directory:

  D:\Web Dev\Milestone-12\swap-it-client

Before we get started, keep in mind:

  * You are initializing within an existing Firebase project directory

[debug] [2023-01-12T13:30:43.983Z] <<< [apiv2][status] GET https://firebase-public.firebaseio.com/cli.json 200
[debug] [2023-01-12T13:30:43.983Z] <<< [apiv2][body] GET https://firebase-public.firebaseio.com/cli.json {"cloudBuildErrorAfter":1594252800000,"cloudBuildWarnAfter":1590019200000,"defaultNode10After":1594252800000,"minVersion":"3.0.5","node8DeploysDisabledAfter":1613390400000,"node8RuntimeDisabledAfter":1615809600000,"node8WarnAfter":1600128000000}
[info] 
=== Project Setup
[info] 
[info] First, let's associate this project directory with a Firebase project.
[info] You can create multiple project aliases by running firebase use --add, 
[info] but for now we'll just set up a default project.
[info] 
[debug] [2023-01-12T13:30:51.058Z] Using project from CLI flag: swap-it
[debug] [2023-01-12T13:30:51.059Z] > refreshing access token with scopes: []
[debug] [2023-01-12T13:30:51.060Z] >>> [apiv2][query] POST https://www.googleapis.com/oauth2/v3/token [none]
[debug] [2023-01-12T13:30:51.060Z] >>> [apiv2][body] POST https://www.googleapis.com/oauth2/v3/token [omitted]
[debug] [2023-01-12T13:30:51.565Z] <<< [apiv2][status] POST https://www.googleapis.com/oauth2/v3/token 200
[debug] [2023-01-12T13:30:51.565Z] <<< [apiv2][body] POST https://www.googleapis.com/oauth2/v3/token [omitted]
[debug] [2023-01-12T13:30:51.576Z] >>> [apiv2][query] GET https://firebase.googleapis.com/v1beta1/projects/swap-it [none]
[debug] [2023-01-12T13:30:52.694Z] <<< [apiv2][status] GET https://firebase.googleapis.com/v1beta1/projects/swap-it 403
[debug] [2023-01-12T13:30:52.694Z] <<< [apiv2][body] GET https://firebase.googleapis.com/v1beta1/projects/swap-it {"error":{"code":403,"message":"The caller does not have permission","status":"PERMISSION_DENIED"}}
[debug] [2023-01-12T13:30:52.694Z] HTTP Error: 403, The caller does not have permission
[debug] [2023-01-12T13:30:53.065Z] FirebaseError: HTTP Error: 403, The caller does not have permission
    at responseToError (C:\Users\hp\AppData\Roaming\npm\node_modules\firebase-tools\lib\responseToError.js:49:12)
    at RetryOperation._fn (C:\Users\hp\AppData\Roaming\npm\node_modules\firebase-tools\lib\apiv2.js:288:77)
    at processTicksAndRejections (node:internal/process/task_queues:96:5)
[error] 
[error] Error: Failed to get Firebase project swap-it. Please make sure the project exists and your account has permission to access it.
